<?xml version="1.0" encoding="UTF-8"?>
<testng-results skipped="0" failed="0" total="2" passed="2">
  <reporter-output>
  </reporter-output>
  <suite name="Default suite" duration-ms="151" started-at="2017-05-10T20:12:25Z" finished-at="2017-05-10T20:12:25Z">
    <groups>
    </groups>
    <test name="Default test" duration-ms="151" started-at="2017-05-10T20:12:25Z" finished-at="2017-05-10T20:12:25Z">
      <class name="SeleniumPackage.TestngAnnotaion">
        <test-method status="PASS" signature="setUp()[pri:0, instance:SeleniumPackage.TestngAnnotaion@3d24753a]" name="setUp" is-config="true" duration-ms="40" started-at="2017-05-11T01:42:25Z" finished-at="2017-05-11T01:42:25Z">
          <reporter-output>
          </reporter-output>
        </test-method> <!-- setUp -->
        <test-method status="PASS" signature="validateDifference()[pri:0, instance:SeleniumPackage.TestngAnnotaion@3d24753a]" name="validateDifference" duration-ms="30" started-at="2017-05-11T01:42:25Z" finished-at="2017-05-11T01:42:25Z">
          <reporter-output>
          </reporter-output>
        </test-method> <!-- validateDifference -->
        <test-method status="PASS" signature="setUp()[pri:0, instance:SeleniumPackage.TestngAnnotaion@3d24753a]" name="setUp" is-config="true" duration-ms="1" started-at="2017-05-11T01:42:25Z" finished-at="2017-05-11T01:42:25Z">
          <reporter-output>
          </reporter-output>
        </test-method> <!-- setUp -->
        <test-method status="PASS" signature="validateSum()[pri:0, instance:SeleniumPackage.TestngAnnotaion@3d24753a]" name="validateSum" duration-ms="1" started-at="2017-05-11T01:42:25Z" finished-at="2017-05-11T01:42:25Z">
          <reporter-output>
          </reporter-output>
        </test-method> <!-- validateSum -->
      </class> <!-- SeleniumPackage.TestngAnnotaion -->
    </test> <!-- Default test -->
  </suite> <!-- Default suite -->
</testng-results>
